<?xml version="1.0" encoding="UTF-8"?>
<!-- Generated by org.testng.reporters.JUnitReportReporter -->
<testsuite hostname="DESKTOP-NDQ0HMP" failures="0" tests="1" name="driverFactory.AppTest" time="39.039" errors="0" timestamp="2024-03-06T21:50:20 IST" skipped="0">
  <testcase classname="driverFactory.AppTest" name="add_purchase" time="39.039">
    <system-out>
      <![CDATA[No of rows are::5
Pruches number matching::Purchase-00000000068 Purchase-00000000068
Total balance matching::90 Rp 90
Pruches number matching::Purchase-00000000069 Purchase-00000000069
Total balance matching::180 Rp 180
Pruches number matching::Purchase-00000000070 Purchase-00000000070
Total balance matching::270 Rp 270
Pruches number matching::Purchase-00000000071 Purchase-00000000071
Total balance matching::360 Rp 360]]>
    </system-out>
  </testcase> <!-- add_purchase -->
  <system-out>
    <![CDATA[No of rows are::5
Pruches number matching::Purchase-00000000068 Purchase-00000000068
Total balance matching::90 Rp 90
Pruches number matching::Purchase-00000000069 Purchase-00000000069
Total balance matching::180 Rp 180
Pruches number matching::Purchase-00000000070 Purchase-00000000070
Total balance matching::270 Rp 270
Pruches number matching::Purchase-00000000071 Purchase-00000000071
Total balance matching::360 Rp 360]]>
  </system-out>
</testsuite> <!-- driverFactory.AppTest -->
